d:\github\try\try\x64\debug\vc141.pdb
d:\github\try\try\x64\debug\vc141.idb
d:\github\try\try\x64\debug\common.obj
d:\github\try\try\x64\debug\main.obj
d:\github\try\try\x64\debug\map_.obj
d:\github\try\try\x64\debug\msg.obj
d:\github\try\try\x64\debug\msg_manager.obj
d:\github\try\try\x64\debug\node_.obj
d:\github\try\try\x64\debug\node_manager.obj
d:\github\try\x64\debug\try.pdb
d:\github\try\try\x64\debug\try.tlog\cl.command.1.tlog
d:\github\try\try\x64\debug\try.tlog\cl.read.1.tlog
d:\github\try\try\x64\debug\try.tlog\cl.write.1.tlog
d:\github\try\try\x64\debug\try.tlog\link-cvtres.read.1.tlog
d:\github\try\try\x64\debug\try.tlog\link-cvtres.write.1.tlog
d:\github\try\try\x64\debug\try.tlog\link-rc.read.1.tlog
d:\github\try\try\x64\debug\try.tlog\link-rc.write.1.tlog
d:\github\try\try\x64\debug\try.tlog\link.command.1.tlog
d:\github\try\try\x64\debug\try.tlog\link.read.1.tlog
d:\github\try\try\x64\debug\try.tlog\link.write.1.tlog
