C:\USERS\XIESHENG.HAYLION\DOCUMENTS\VISUAL STUDIO 2012\PROJECTS\TRY\TRY\DEBUG\MAIN.OBJ
C:\USERS\XIESHENG.HAYLION\DOCUMENTS\VISUAL STUDIO 2012\PROJECTS\TRY\TRY\DEBUG\MAP.OBJ
C:\USERS\XIESHENG.HAYLION\DOCUMENTS\VISUAL STUDIO 2012\PROJECTS\TRY\TRY\DEBUG\MSG.OBJ
C:\USERS\XIESHENG.HAYLION\DOCUMENTS\VISUAL STUDIO 2012\PROJECTS\TRY\TRY\DEBUG\MSG_MANAGER.OBJ
C:\USERS\XIESHENG.HAYLION\DOCUMENTS\VISUAL STUDIO 2012\PROJECTS\TRY\TRY\DEBUG\NODE.OBJ
C:\USERS\XIESHENG.HAYLION\DOCUMENTS\VISUAL STUDIO 2012\PROJECTS\TRY\TRY\DEBUG\NODE_MANAGER.OBJ
C:\USERS\XIESHENG.HAYLION\DOCUMENTS\VISUAL STUDIO 2012\PROJECTS\TRY\TRY\DEBUG\VC110.PDB
C:\USERS\XIESHENG.HAYLION\DOCUMENTS\VISUAL STUDIO 2012\PROJECTS\TRY\TRY\DEBUG\MAP_.OBJ
C:\USERS\XIESHENG.HAYLION\DOCUMENTS\VISUAL STUDIO 2012\PROJECTS\TRY\TRY\DEBUG\NODE_.OBJ
C:\USERS\XIESHENG.HAYLION\DOCUMENTS\VISUAL STUDIO 2012\PROJECTS\TRY\DEBUG\TRY.ILK
C:\USERS\XIESHENG.HAYLION\DOCUMENTS\VISUAL STUDIO 2012\PROJECTS\TRY\DEBUG\TRY.EXE
C:\USERS\XIESHENG.HAYLION\DOCUMENTS\VISUAL STUDIO 2012\PROJECTS\TRY\DEBUG\TRY.PDB
C:\Users\xiesheng.HAYLION\documents\visual studio 2012\Projects\try\try\Debug\main.obj
C:\Users\xiesheng.HAYLION\documents\visual studio 2012\Projects\try\try\Debug\map.obj
C:\Users\xiesheng.HAYLION\documents\visual studio 2012\Projects\try\try\Debug\map_.obj
C:\Users\xiesheng.HAYLION\documents\visual studio 2012\Projects\try\try\Debug\msg.obj
C:\Users\xiesheng.HAYLION\documents\visual studio 2012\Projects\try\try\Debug\msg_manager.obj
C:\Users\xiesheng.HAYLION\documents\visual studio 2012\Projects\try\try\Debug\node.obj
C:\Users\xiesheng.HAYLION\documents\visual studio 2012\Projects\try\try\Debug\node_.obj
C:\Users\xiesheng.HAYLION\documents\visual studio 2012\Projects\try\try\Debug\node_manager.obj
C:\Users\xiesheng.HAYLION\documents\visual studio 2012\Projects\try\try\Debug\cl.command.1.tlog
C:\Users\xiesheng.HAYLION\documents\visual studio 2012\Projects\try\try\Debug\CL.read.1.tlog
C:\Users\xiesheng.HAYLION\documents\visual studio 2012\Projects\try\try\Debug\CL.write.1.tlog
C:\Users\xiesheng.HAYLION\documents\visual studio 2012\Projects\try\try\Debug\link-cvtres.read.1.tlog
C:\Users\xiesheng.HAYLION\documents\visual studio 2012\Projects\try\try\Debug\link-cvtres.write.1.tlog
C:\Users\xiesheng.HAYLION\documents\visual studio 2012\Projects\try\try\Debug\link-rc.read.1.tlog
C:\Users\xiesheng.HAYLION\documents\visual studio 2012\Projects\try\try\Debug\link-rc.write.1.tlog
C:\Users\xiesheng.HAYLION\documents\visual studio 2012\Projects\try\try\Debug\link.command.1.tlog
C:\Users\xiesheng.HAYLION\documents\visual studio 2012\Projects\try\try\Debug\link.read.1.tlog
C:\Users\xiesheng.HAYLION\documents\visual studio 2012\Projects\try\try\Debug\link.write.1.tlog
C:\Users\xiesheng.HAYLION\documents\visual studio 2012\Projects\try\try\Debug\vc110.idb
C:\Users\xiesheng.HAYLION\documents\visual studio 2012\Projects\try\try\Debug\vc110.pdb
C:\Users\xiesheng.HAYLION\documents\visual studio 2012\Projects\try\Debug\try.pdb
C:\Users\xiesheng.HAYLION\documents\visual studio 2012\Projects\try\Debug\try.exe
C:\Users\xiesheng.HAYLION\documents\visual studio 2012\Projects\try\Debug\try.ilk
